[
  [8, "Jayson Tatum",
    26.8513513513514],
  [22, "Jaylen Brown",
    23],
  [73, "Kristaps Porziņģis",
    20.0877192982456],
  [79, "Derrick White",
    15.1643835616438],
  [127, "Jrue Holiday",
    12.463768115942],
  [143, "Payton Pritchard",
    9.59756097560976],
  [160, "Sam Hauser",
    9.0126582278481],
  [195, "Al Horford",
    8.64615384615385],
  [199, "Dalano Banton",
    3.53846153846154],
  [274, "Luke Kornet",
    5.3015873015873],
  [305, "Lamar Stevens",
    2.78947368421053],
  [366, "Svi Mykhailiuk",
    3.95121951219512],
  [371, "Neemias Queta",
    5.5],
  [515, "JD Davison",
    2],
  [517, "Jordan Walsh",
    1.66666666666667],
  [534, "Drew Peterson",
    3.66666666666667]
]