[
  [24, "Kyrie Irving",
    35],
  [17, "Nikola Jokić",
    30],
  [14, "Jaylen Brown",
    30],
  [150, "Jalen McDaniels",
    26],
  [1, "Jayson Tatum",
    25],
  [31, "Domantas Sabonis",
    22],
  [108, "Bobby Portis",
    21],
  [12, "DeAaron Fox",
    19],
  [86, "Christian Wood",
    19],
  [100, "Malik Beasley",
    19],
  [90, "Alperen Şengün",
    18],
  [83, "Kevin Porter Jr.",
    18],
  [29, "Bam Adebayo",
    18],
  [122, "Wendell Carter Jr.",
    18],
  [151, "Jalen McDaniels",
    17],
  [171, "Naji Marshall",
    17],
  [62, "DAngelo Russell",
    16],
  [89, "Aaron Gordon",
    15],
  [176, "Reggie Jackson",
    14],
  [76, "Tyrese Haliburton",
    14],
  [69, "James Harden",
    14],
  [96, "Dillon Brooks",
    13],
  [140, "Mike Conley",
    13],
  [124, "Mason Plumlee",
    12],
  [276, "Larry Nance Jr.",
    12],
  [316, "Dario Šarić",
    11],
  [280, "Xavier Tillman Sr.",
    11],
  [157, "Gordon Hayward",
    11],
  [239, "Troy Brown Jr.",
    10],
  [43, "Spencer Dinwiddie",
    10],
  [101, "Malik Beasley",
    10],
  [383, "Daishen Nix",
    10],
  [184, "Royce ONeale",
    9],
  [61, "DAngelo Russell",
    8],
  [309, "Goran Dragić",
    8],
  [297, "Cam Reddish",
    8],
  [193, "Alec Burks",
    8],
  [188, "Bones Hyland",
    7],
  [273, "James Wiseman",
    7],
  [206, "Georges Niang",
    7],
  [123, "Mason Plumlee",
    6],
  [240, "Devonte Graham",
    5],
  [224, "Kevon Looney",
    5],
  [214, "Kyle Lowry",
    4],
  [153, "Grayson Allen",
    4],
  [322, "Simone Fontecchio",
    4],
  [251, "Kevin Love",
    4],
  [428, "Jordan McLaughlin",
    4],
  [99, "DeAndre Hunter",
    4],
  [432, "Moses Brown",
    4],
  [289, "Jordan Goodwin",
    2],
  [244, "Jalen Suggs",
    2],
  [519, "Shaquille Harrison",
    2],
  [354, "Aleksej Pokusevski",
    2],
  [319, "Nassir Little",
    2],
  [258, "Kendrick Nunn",
    2],
  [396, "Justin Holiday",
    2],
  [311, "John Konchar",
    2],
  [281, "Cory Joseph",
    2],
  [313, "Nickeil Alexander-Walker",
    1],
  [448, "Furkan Korkmaz",
    0],
  [490, "Nikola Jović",
    0],
  [412, "Luka Garza",
    0],
  [442, "TyTy Washington Jr.",
    0],
  [488, "David Duke Jr.",
    0],
  [458, "Patrick Baldwin Jr.",
    0],
  [268, "David Roddy",
    0],
  [479, "Skylar Mays",
    0],
  [421, "Goga Bitadze",
    0],
  [411, "Christian Koloko",
    0],
  [292, "Oshae Brissett",
    0],
  [471, "Boban Marjanović",
    0],
  [250, "Sam Hauser",
    0],
  [405, "Caleb Houstan",
    0],
  [450, "Frank Ntilikina",
    0]
]