[
  [48, "Joel Embiid",
    34.6923076923077],
  [1, "Luka Dončić",
    33.8571428571429],
  [3, "Giannis Antetokounmpo",
    30.4383561643836],
  [2, "Shai Gilgeous-Alexander",
    30.0533333333333],
  [4, "Jalen Brunson",
    28.7272727272727],
  [7, "Kevin Durant",
    27.0933333333333],
  [13, "Devin Booker",
    27.0735294117647],
  [8, "Jayson Tatum",
    26.8513513513514],
  [33, "Donovan Mitchell",
    26.6],
  [10, "Stephen Curry",
    26.4324324324324],
  [5, "Nikola Jokić",
    26.3924050632911],
  [15, "Tyrese Maxey",
    25.9428571428571],
  [6, "Anthony Edwards",
    25.9367088607595],
  [39, "Trae Young",
    25.7222222222222],
  [14, "LeBron James",
    25.6619718309859],
  [30, "Kyrie Irving",
    25.6379310344828],
  [325, "Ja Morant",
    25.1111111111111],
  [12, "Anthony Davis",
    24.6842105263158],
  [17, "Damian Lillard",
    24.3150684931507],
  [11, "DeMar DeRozan",
    24.0126582278481],
  [81, "Julius Randle",
    23.9565217391304],
  [210, "LaMelo Ball",
    23.9090909090909],
  [97, "Desmond Bane",
    23.7380952380952],
  [21, "Kawhi Leonard",
    23.7205882352941],
  [58, "Lauri Markkanen",
    23.2363636363636],
  [22, "Jaylen Brown",
    23],
  [25, "Zion Williamson",
    22.8714285714286],
  [37, "Cade Cunningham",
    22.6612903225806],
  [89, "Anfernee Simons",
    22.5869565217391],
  [20, "Paul George",
    22.5810810810811],
  [16, "Paolo Banchero",
    22.55],
  [31, "Jaren Jackson Jr.",
    22.5151515151515],
  [18, "Dejounte Murray",
    22.474358974359],
  [32, "Cam Thomas",
    22.4545454545455],
  [27, "Kyle Kuzma",
    22.1857142857143],
  [49, "Karl-Anthony Towns",
    21.758064516129],
  [19, "Pascal Siakam",
    21.7125],
  [28, "Victor Wembanyama",
    21.4366197183099],
  [62, "Jamal Murray",
    21.1864406779661],
  [35, "Miles Bridges",
    21],
  [75, "Jerami Grant",
    20.962962962963],
  [118, "Tyler Herro",
    20.8333333333333],
  [51, "Brandon Ingram",
    20.8125],
  [63, "Jimmy Butler",
    20.7666666666667],
  [71, "RJ Barrett",
    20.1724137931035],
  [38, "Tyrese Haliburton",
    20.1304347826087],
  [73, "Kristaps Porziņģis",
    20.0877192982456],
  [54, "CJ McCollum",
    20.030303030303],
  [67, "Scottie Barnes",
    19.85],
  [64, "Terry Rozier",
    19.7540983606557],
  [36, "Franz Wagner",
    19.7361111111111],
  [23, "Jalen Green",
    19.6341463414634],
  [24, "Mikal Bridges",
    19.5853658536585],
  [225, "Zach LaVine",
    19.48],
  [53, "Devin Vassell",
    19.4558823529412],
  [26, "Domantas Sabonis",
    19.4268292682927],
  [43, "Bam Adebayo",
    19.2535211267606],
  [29, "Coby White",
    19.1012658227848],
  [47, "Jalen Williams",
    19.0845070422535],
  [34, "Collin Sexton",
    18.6923076923077],
  [102, "Bradley Beal",
    18.188679245283],
  [90, "Darius Garland",
    18.0350877192982],
  [41, "Nikola Vučević",
    18.0263157894737],
  [40, "Klay Thompson",
    17.8571428571429],
  [60, "Fred VanVleet",
    17.3972602739726],
  [45, "Jordan Poole",
    17.3846153846154],
  [57, "Brandon Miller",
    17.2837837837838],
  [65, "Tobias Harris",
    17.2],
  [105, "Jordan Clarkson",
    17.1272727272727],
  [55, "Myles Turner",
    17.0519480519481],
  [72, "Immanuel Quickley",
    17],
  [50, "Bogdan Bogdanović",
    16.873417721519],
  [46, "Michael Porter Jr.",
    16.7407407407407],
  [111, "Deandre Ayton",
    16.7272727272727],
  [66, "James Harden",
    16.5555555555556],
  [44, "Chet Holmgren",
    16.5487804878049],
  [59, "Jarrett Allen",
    16.5064935064935],
  [68, "Jonathan Kuminga",
    16.0540540540541],
  [113, "Jalen Johnson",
    16],
  [218, "Shaedon Sharpe",
    15.9375],
  [56, "Austin Reaves",
    15.8536585365854],
  [180, "Malcolm Brogdon",
    15.7179487179487],
  [83, "Keldon Johnson",
    15.7101449275362],
  [144, "Evan Mobley",
    15.7],
  [61, "Donte DiVincenzo",
    15.5432098765432],
  [87, "Kelly Oubre Jr.",
    15.4264705882353],
  [78, "Malik Monk",
    15.4166666666667],
  [69, "Jaden Ivey",
    15.3896103896104],
  [70, "Keegan Murray",
    15.2207792207792],
  [79, "Derrick White",
    15.1643835616438],
  [91, "John Collins",
    15.1029411764706],
  [138, "Khris Middleton",
    15.0545454545455],
  [131, "Trey Murphy III",
    14.7719298245614],
  [80, "Deni Avdija",
    14.6933333333333],
  [156, "OG Anunoby",
    14.66],
  [161, "GG Jackson II",
    14.5625],
  [128, "Bennedict Mathurin",
    14.5084745762712],
  [296, "Marcus Smart",
    14.45],
  [74, "Tim Hardaway Jr.",
    14.4177215189873],
  [77, "Dennis Schröder",
    14.025],
  [103, "Caris LeVert",
    14],
  [121, "Scoot Henderson",
    14],
  [85, "Rudy Gobert",
    13.9605263157895],
  [86, "Norman Powell",
    13.8947368421053],
  [93, "Aaron Gordon",
    13.8767123287671],
  [133, "Jalen Duren",
    13.7868852459016],
  [76, "Bobby Portis",
    13.7804878048781],
  [88, "Jabari Smith Jr.",
    13.7368421052632],
  [101, "Gary Trent Jr.",
    13.7183098591549],
  [124, "Saddiq Bey",
    13.6984126984127],
  [110, "Rui Hachimura",
    13.5735294117647],
  [92, "Grayson Allen",
    13.52],
  [82, "Naz Reid",
    13.4567901234568],
  [147, "Cameron Johnson",
    13.3793103448276],
  [84, "Corey Kispert",
    13.375],
  [106, "Andrew Wiggins",
    13.2253521126761],
  [100, "Keyonte George",
    12.9866666666667],
  [306, "Scotty Pippen Jr.",
    12.9047619047619],
  [119, "Duncan Robinson",
    12.8676470588235],
  [107, "P.J. Washington",
    12.8630136986301],
  [318, "Mark Williams",
    12.7368421052632],
  [112, "Dillon Brooks",
    12.7083333333333],
  [104, "Jalen Suggs",
    12.5733333333333],
  [98, "Brook Lopez",
    12.5316455696203],
  [127, "Jrue Holiday",
    12.463768115942],
  [99, "Josh Giddey",
    12.325],
  [191, "Cam Whitmore",
    12.3191489361702],
  [401, "Javonte Green",
    12.2222222222222],
  [95, "Jonas Valančiūnas",
    12.219512195122],
  [96, "Harrison Barnes",
    12.1951219512195],
  [129, "Max Strus",
    12.1857142857143],
  [117, "Aaron Nesmith",
    12.1805555555556],
  [109, "Ayo Dosunmu",
    12.1578947368421],
  [94, "Buddy Hield",
    12.0595238095238],
  [142, "Tyus Jones",
    11.969696969697],
  [116, "Jaime Jaquez Jr.",
    11.8533333333333],
  [132, "Nic Claxton",
    11.8450704225352],
  [141, "Ivica Zubac",
    11.6764705882353],
  [188, "Marvin Bagley III",
    11.66],
  [125, "Jeremy Sochan",
    11.6351351351351],
  [108, "Cole Anthony",
    11.5679012345679],
  [135, "Clint Capela",
    11.4520547945205],
  [120, "Mike Conley",
    11.4342105263158],
  [434, "Brandon Clarke",
    11.3333333333333],
  [115, "Malik Beasley",
    11.253164556962],
  [146, "Zach Collins",
    11.2463768115942],
  [201, "Jakob Poeltl",
    11.1],
  [154, "Russell Westbrook",
    11.0882352941176],
  [155, "Eric Gordon",
    11.0147058823529],
  [134, "Herbert Jones",
    11.0131578947368],
  [139, "Daniel Gafford",
    11],
  [238, "Luke Kennard",
    11],
  [182, "Wendell Carter Jr.",
    10.9636363636364],
  [222, "Isaiah Stewart",
    10.9347826086957],
  [137, "Jusuf Nurkić",
    10.9078947368421],
  [126, "Luguentz Dort",
    10.8860759493671],
  [122, "Moritz Wagner",
    10.85],
  [158, "Bruce Brown",
    10.8358208955224],
  [256, "Jake LaRavia",
    10.8285714285714],
  [172, "Santi Aldama",
    10.7213114754098],
  [153, "Jaden McDaniels",
    10.5138888888889],
  [163, "Simone Fontecchio",
    10.4848484848485],
  [140, "Spencer Dinwiddie",
    10.4605263157895],
  [165, "Alec Burks",
    10.4393939393939],
  [145, "Grant Williams",
    10.3157894736842],
  [199, "Dalano Banton",
    10.3148148148148],
  [130, "Obi Toppin",
    10.2804878048781],
  [157, "T.J. McConnell",
    10.2394366197183],
  [171, "Kevin Huerter",
    10.234375],
  [197, "Onyeka Okongwu",
    10.2],
  [136, "Reggie Jackson",
    10.1585365853659],
  [214, "Talen Horton-Tucker",
    10.1176470588235],
  [150, "Kentavious Caldwell-Pope",
    10.0789473684211],
  [159, "Alex Caruso",
    10.0704225352113],
  [212, "Vince Williams Jr.",
    10.0192307692308],
  [148, "Tre Jones",
    10.012987012987],
  [175, "Caleb Martin",
    10],
  [239, "Patrick Williams",
    9.97674418604651],
  [242, "Josh Richardson",
    9.88372093023256],
  [183, "Jalen Smith",
    9.85245901639344],
  [335, "Tari Eason",
    9.77272727272727],
  [151, "Kelly Olynyk",
    9.76923076923077],
  [193, "Lonnie Walker IV",
    9.74137931034483],
  [173, "Nick Richards",
    9.73134328358209],
  [143, "Payton Pritchard",
    9.59756097560976],
  [186, "Amen Thompson",
    9.54838709677419],
  [152, "Josh Hart",
    9.39506172839506],
  [174, "Isaac Okoro",
    9.3768115942029],
  [149, "Georges Niang",
    9.36585365853659],
  [253, "Tre Mann",
    9.31707317073171],
  [166, "Brandin Podziemski",
    9.21621621621622],
  [178, "Andrew Nembhard",
    9.20588235294118],
  [164, "Malaki Branham",
    9.2],
  [205, "Chris Paul",
    9.18965517241379],
  [179, "Duop Reath",
    9.07352941176471],
  [160, "Sam Hauser",
    9.0126582278481],
  [162, "Taurean Prince",
    8.93589743589744],
  [176, "Jabari Walker",
    8.86111111111111],
  [200, "Ausar Thompson",
    8.82539682539683],
  [227, "Kevin Love",
    8.81818181818182],
  [229, "Dereck Lively II",
    8.78181818181818],
  [168, "Terance Mann",
    8.77333333333333],
  [195, "Al Horford",
    8.64615384615385],
  [169, "Derrick Jones Jr.",
    8.64473684210526],
  [230, "Draymond Green",
    8.63636363636364],
  [190, "Dorian Finney-Smith",
    8.52941176470588],
  [217, "Gradey Dick",
    8.5],
  [421, "Tristan Vukcevic",
    8.5],
  [206, "Bilal Coulibaly",
    8.44444444444445],
  [167, "Andre Drummond",
    8.39240506329114],
  [196, "Miles McBride",
    8.26470588235294],
  [187, "Marcus Sasser",
    8.25352112676056],
  [246, "Ziaire Williams",
    8.23529411764706],
  [231, "Josh Green",
    8.2280701754386],
  [177, "Isaiah Joe",
    8.15384615384615],
  [226, "Kyle Lowry",
    8.11666666666667],
  [213, "Walker Kessler",
    8.09375],
  [204, "Moses Moody",
    8.07575757575758],
  [215, "Dario Šarić",
    8.046875],
  [170, "Nickeil Alexander-Walker",
    7.98780487804878],
  [228, "Sam Merrill",
    7.95081967213115],
  [203, "Trayce Jackson-Davis",
    7.94117647058824],
  [211, "Jordan Hawkins",
    7.82089552238806],
  [273, "Markelle Fultz",
    7.7906976744186],
  [241, "Dante Exum",
    7.78181818181818],
  [189, "Isaiah Hartenstein",
    7.76],
  [269, "Nikola Jović",
    7.65217391304348],
  [194, "Precious Achiuwa",
    7.63513513513514],
  [338, "Cody Martin",
    7.53571428571429],
  [319, "Brice Sensabaugh",
    7.53125],
  [209, "Toumani Camara",
    7.52857142857143],
  [192, "Cameron Payne",
    7.41025641025641],
  [185, "Paul Reed",
    7.31707317073171],
  [184, "Christian Braun",
    7.31707317073171],
  [292, "Taylor Hendricks",
    7.3],
  [208, "Jaden Hardy",
    7.26027397260274],
  [247, "Trey Lyles",
    7.22413793103448],
  [380, "Johnny Juzang",
    7.2],
  [330, "Kevin Knox",
    7.19354838709677],
  [305, "Lamar Stevens",
    7.15789473684211],
  [277, "Landry Shamet",
    7.10869565217391],
  [250, "Jose Alvarado",
    7.08928571428571],
  [236, "James Wiseman",
    7.07936507936508],
  [232, "Naji Marshall",
    7.06060606060606],
  [264, "Quentin Grimes",
    7.03921568627451],
  [244, "Vasilije Micić",
    7.03333333333333],
  [202, "Aaron Wiggins",
    6.94871794871795],
  [310, "Bones Hyland",
    6.91891891891892],
  [260, "Gary Harris",
    6.88888888888889],
  [295, "Killian Hayes",
    6.88095238095238],
  [237, "Trendon Watford",
    6.85714285714286],
  [198, "Cason Wallace",
    6.84146341463415],
  [359, "Trey Jemison",
    6.84],
  [466, "Robert Williams",
    6.83333333333333],
  [221, "Julian Champagnie",
    6.81081081081081],
  [251, "Jonathan Isaac",
    6.77586206896552],
  [207, "Peyton Watson",
    6.65],
  [233, "Amir Coffey",
    6.61428571428571],
  [216, "Aaron Holiday",
    6.58974358974359],
  [243, "David Roddy",
    6.53846153846154],
  [219, "Jeff Green",
    6.52564102564103],
  [491, "David Duke Jr.",
    6.5],
  [262, "Jordan Goodwin",
    6.45614035087719],
  [280, "Chris Boucher",
    6.44],
  [220, "Kyle Anderson",
    6.40506329113924],
  [252, "Isaiah Jackson",
    6.38333333333333],
  [315, "Jared Butler",
    6.275],
  [300, "Bruno Fernando",
    6.26666666666667],
  [259, "Daniel Theis",
    6.26666666666667],
  [284, "Jae Crowder",
    6.24],
  [426, "Jaylen Nowell",
    6.23076923076923],
  [485, "Keon Johnson",
    6.2],
  [249, "Haywood Highsmith",
    6.13636363636364],
  [386, "Vit Krejci",
    6.13636363636364],
  [412, "Ben Simmons",
    6.13333333333333],
  [258, "Kris Murray",
    6.06451612903226],
  [405, "Tosan Evbuomwan",
    5.94117647058824],
  [415, "Justin Champagnie",
    5.93333333333333],
  [290, "Nick Smith Jr.",
    5.92156862745098],
  [234, "Ochai Agbaji",
    5.83333333333333],
  [267, "Dyson Daniels",
    5.80327868852459],
  [387, "Noah Clowney",
    5.78260869565217],
  [271, "Larry Nance Jr.",
    5.73770491803279],
  [287, "Torrey Craig",
    5.71698113207547],
  [333, "Thomas Bryant",
    5.71052631578947],
  [240, "Pat Connaughton",
    5.63157894736842],
  [297, "Craig Porter Jr.",
    5.58823529411765],
  [358, "Mitchell Robinson",
    5.58064516129032],
  [254, "Malachi Flynn",
    5.50724637681159],
  [371, "Neemias Queta",
    5.5],
  [270, "Doug McDermott",
    5.484375],
  [320, "Gary Payton II",
    5.45454545454545],
  [268, "Matisse Thybulle",
    5.44615384615385],
  [286, "Keon Ellis",
    5.43859649122807],
  [375, "Matt Ryan",
    5.42857142857143],
  [309, "Cam Reddish",
    5.41666666666667],
  [266, "Kris Dunn",
    5.40909090909091],
  [356, "Ricky Council IV",
    5.40625],
  [293, "Dean Wade",
    5.38888888888889],
  [281, "Nicolas Batum",
    5.33333333333333],
  [317, "Mason Plumlee",
    5.30434782608696],
  [274, "Luke Kornet",
    5.3015873015873],
  [389, "Stanley Umude",
    5.29166666666667],
  [257, "Davion Mitchell",
    5.26388888888889],
  [299, "Xavier Tillman Sr.",
    5.25925925925926],
  [362, "Brandon Boston Jr.",
    5.21875],
  [329, "Bol Bol",
    5.18604651162791],
  [376, "Jarred Vanderbilt",
    5.17241379310345],
  [326, "Seth Curry",
    5.13636363636364],
  [289, "Bryce McGowens",
    5.11864406779661],
  [255, "Drew Eubanks",
    5.05333333333333],
  [285, "Goga Bitadze",
    5.01612903225806],
  [336, "Jalen Wilson",
    4.97674418604651],
  [344, "Richaun Holmes",
    4.975],
  [364, "Monte Morris",
    4.96969696969697],
  [265, "Jevon Carter",
    4.95833333333333],
  [278, "Garrison Mathews",
    4.92424242424242],
  [304, "Jock Landale",
    4.89285714285714],
  [423, "Jared Rhoden",
    4.88235294117647],
  [425, "Kobe Bufkin",
    4.76470588235294],
  [279, "Kenrich Williams",
    4.71014492753623],
  [302, "Josh Okogie",
    4.61666666666667],
  [282, "Anthony Black",
    4.57971014492754],
  [324, "Julian Strawther",
    4.54],
  [275, "Kevon Looney",
    4.51351351351351],
  [334, "Shake Milton",
    4.5],
  [512, "Taze Moore",
    4.5],
  [339, "Delon Wright",
    4.46808510638298],
  [347, "Maxi Kleber",
    4.44186046511628],
  [311, "Mo Bamba",
    4.43859649122807],
  [314, "Ben Sheppard",
    4.42105263157895],
  [361, "Patrick Baldwin Jr.",
    4.42105263157895],
  [337, "MarJon Beauchamp",
    4.39583333333333],
  [307, "Blake Wesley",
    4.39344262295082],
  [378, "Dominick Barlow",
    4.36363636363636],
  [291, "Joe Ingles",
    4.35294117647059],
  [355, "Bismack Biyombo",
    4.35],
  [470, "Dru Smith",
    4.33333333333333],
  [288, "Jaxson Hayes",
    4.32857142857143],
  [312, "Caleb Houstan",
    4.28813559322034],
  [321, "John Konchar",
    4.27272727272727],
  [298, "Max Christie",
    4.23880597014925],
  [349, "Sandro Mamukelashvili",
    4.1304347826087],
  [388, "Ousmane Dieng",
    4.03030303030303],
  [472, "Adama Sanogo",
    4],
  [497, "Mouhamed Gueye",
    4],
  [303, "Jaylin Williams",
    4],
  [369, "Rayan Rupert",
    3.97435897435897],
  [391, "Patty Mills",
    3.96875],
  [406, "Luka Garza",
    3.96],
  [366, "Svi Mykhailiuk",
    3.95121951219512],
  [381, "DeAndre Jordan",
    3.94444444444444],
  [323, "Chris Duarte",
    3.89830508474576],
  [350, "Anthony Gill",
    3.78],
  [455, "Sidy Cissoko",
    3.75],
  [328, "KJ Martin",
    3.73333333333333],
  [408, "Jamal Cain",
    3.73076923076923],
  [534, "Drew Peterson",
    3.66666666666667],
  [395, "Jarace Walker",
    3.63636363636364],
  [420, "Collin Gillespie",
    3.625],
  [383, "Lindy Waters III",
    3.60526315789474],
  [424, "Gui Santos",
    3.56521739130435],
  [346, "Jordan McLaughlin",
    3.48214285714286],
  [430, "Moses Brown",
    3.40909090909091],
  [457, "Ryan Rollins",
    3.38461538461538],
  [360, "Jalen McDaniels",
    3.38],
  [365, "Jaden Springer",
    3.3265306122449],
  [437, "Charles Bassey",
    3.31578947368421],
  [444, "Micah Potter",
    3.3125],
  [340, "Dwight Powell",
    3.3015873015873],
  [367, "Tristan Thompson",
    3.28571428571429],
  [419, "Garrett Temple",
    3.25925925925926],
  [495, "Oscar Tshiebwe",
    3.25],
  [385, "A.J. Lawson",
    3.23809523809524],
  [351, "Zeke Nnaji",
    3.20689655172414],
  [443, "Brandon Williams",
    3.17647058823529],
  [343, "JT Thor",
    3.15873015873016],
  [478, "Gabe Vincent",
    3.09090909090909],
  [353, "Dalen Terry",
    3.05084745762712],
  [373, "Johnny Davis",
    3.04],
  [393, "Olivier-Maxence Prosper",
    3.025],
  [398, "Jeremiah Robinson-Earl",
    2.94871794871795],
  [467, "Trevelin Queen",
    2.85714285714286],
  [407, "Orlando Robinson",
    2.75],
  [530, "D.J. Carton",
    2.75],
  [464, "Emoni Bates",
    2.73333333333333],
  [487, "Moussa Diabaté",
    2.63636363636364],
  [435, "Markieff Morris",
    2.53846153846154],
  [394, "Alex Len",
    2.5],
  [438, "Cory Joseph",
    2.42307692307692],
  [506, "Jamaree Bouyea",
    2.33333333333333],
  [463, "Cole Swider",
    2.33333333333333],
  [404, "Chuma Okeke",
    2.27659574468085],
  [416, "Julian Phillips",
    2.225],
  [392, "Andre Jackson Jr.",
    2.19298245614035],
  [436, "Colby Jones",
    2.13333333333333],
  [413, "Jericho Sims",
    2.04444444444444],
  [414, "Kobe Brown",
    2.02272727272727],
  [515, "JD Davison",
    2],
  [549, "Ty Jerome",
    2],
  [562, "Isaiah Wong",
    2],
  [490, "Daishen Nix",
    1.8],
  [440, "Justin Minaya",
    1.79411764705882],
  [411, "Kessler Edwards",
    1.72222222222222],
  [489, "Leonard Miller",
    1.70588235294118],
  [479, "Taj Gibson",
    1.7],
  [517, "Jordan Walsh",
    1.66666666666667],
  [525, "Jordan Miller",
    1.625],
  [476, "Jalen Hood-Schifino",
    1.61904761904762],
  [488, "Jett Howard",
    1.61111111111111],
  [449, "Josh Minott",
    1.5625],
  [521, "Seth Lundy",
    1.55555555555556],
  [461, "Jalen Pickett",
    1.55555555555556],
  [496, "Colin Castleton",
    1.5],
  [552, "Adam Flagler",
    1.5],
  [554, "Dariq Whitehead",
    1.5],
  [526, "Jacob Toppin",
    1.44444444444444],
  [540, "Mason Jones",
    1.4],
  [523, "TyTy Washington Jr.",
    1.27272727272727],
  [493, "Chris Livingston",
    1.23809523809524],
  [500, "Jay Huff",
    1.15],
  [509, "Hunter Tyson",
    1.11111111111111],
  [504, "Braxton Key",
    1.1],
  [537, "James Johnson",
    0.888888888888889],
  [520, "DaQuan Jeffries",
    0.823529411764706],
  [513, "Wendell Moore Jr.",
    0.72],
  [546, "Alondes Williams",
    0.714285714285714],
  [551, "Pat Spencer",
    0.666666666666667],
  [559, "Quenton Jackson",
    0.666666666666667],
  [550, "E.J. Liddell",
    0.5],
  [555, "Pete Nance",
    0.375],
  [533, "Maxwell Lewis",
    0.323529411764706],
  [569, "Ron Harper Jr.",
    0]
]