[
  [
    "Home Team",
    "ATLANTA HAWKS",
    51.219512195122],
  [
    "Top Away Team",
    "MILWAUKEE BUCKS",
    100],
  [
    "Top Away Team",
    "NEW YORK KNICKS",
    100],
  [
    "Top Away Team",
    "DALLAS MAVERICKS",
    100],
  [
    "Top Away Team",
    "NEW ORLEANS PELICANS",
    100],
  [
    "Top Away Team",
    "MEMPHIS GRIZZLIES",
    100],
  [
    "Top Away Team",
    "MIAMI HEAT",
    100],
  [
    "Top Away Team",
    "DENVER NUGGETS",
    100],
  [
    "Top Away Team",
    "LOS ANGELES CLIPPERS",
    100],
  [
    "Top Away Team",
    "INDIANA PACERS",
    100],
  [
    "Top Away Team",
    "CHICAGO BULLS",
    100],
  [
    "Top Away Team",
    "SACRAMENTO KINGS",
    100]
]